Apr 05, 2017 11:21:11 PM codeu.chat.ClientMain main
INFO: ============================= START OF LOG =============================
Apr 05, 2017 11:21:11 PM codeu.chat.ClientMain main
INFO: Starting chat client...
Apr 05, 2017 11:21:11 PM codeu.chat.ClientMain main
INFO: Creating client...
Apr 05, 2017 11:21:11 PM codeu.chat.ClientMain main
INFO: Created client
Apr 05, 2017 11:22:25 PM codeu.chat.client.Controller newUser
INFO: newUser: Request completed.
Apr 05, 2017 11:22:25 PM codeu.chat.client.Controller newUser
INFO: newUser: Response completed.
Apr 05, 2017 11:22:25 PM codeu.chat.client.ClientUser addUser
INFO: New user complete, Name= "user" UUID=[UUID:100.101.3755512657]
Apr 05, 2017 11:22:35 PM codeu.chat.client.ClientConversation startConversation
INFO: New conversation: Title= "conversation" UUID= [UUID:100.101.695497410]
Apr 05, 2017 11:22:35 PM codeu.chat.client.ClientConversation updateCurrentConversation
INFO: Get Conversation: Title="conversation" UUID=[UUID:100.101.695497410] first=[UUID:0] last=[UUID:0]

Apr 05, 2017 11:22:35 PM codeu.chat.client.ClientMessage updateMessages
INFO: ConversationHead: Title="conversation" UUID=[UUID:100.101.695497410] first=[UUID:0] last=[UUID:0]

Apr 05, 2017 11:22:35 PM codeu.chat.client.ClientMessage getCurrentMessageFetchId
INFO: Refetch all messages: replaceAll=true firstMessage=[UUID:0]
Apr 05, 2017 11:22:35 PM codeu.chat.client.ClientMessage updateMessages
INFO: Retrieved 0 messages for conversation [UUID:100.101.695497410] (conversation).

Apr 05, 2017 11:22:41 PM codeu.chat.client.ClientMessage addMessage
INFO: New message:, Author= [UUID:100.101.3755512657] UUID= [UUID:100.101.2638226974]
Apr 05, 2017 11:22:41 PM codeu.chat.client.ClientMessage updateMessages
INFO: ConversationHead: Title="conversation" UUID=[UUID:100.101.695497410] first=[UUID:100.101.2638226974] last=[UUID:100.101.2638226974]

Apr 05, 2017 11:22:41 PM codeu.chat.client.ClientMessage getCurrentMessageFetchId
INFO: Refetch all messages: replaceAll=false firstMessage=[UUID:100.101.2638226974]
Apr 05, 2017 11:22:41 PM codeu.chat.client.ClientMessage updateMessages
INFO: Retrieved 1 messages for conversation [UUID:100.101.695497410] (conversation).

Apr 05, 2017 11:22:43 PM codeu.chat.client.ClientMessage addMessage
INFO: New message:, Author= [UUID:100.101.3755512657] UUID= [UUID:100.101.3406346804]
Apr 05, 2017 11:22:43 PM codeu.chat.client.ClientMessage updateMessages
INFO: ConversationHead: Title="conversation" UUID=[UUID:100.101.695497410] first=[UUID:100.101.2638226974] last=[UUID:100.101.3406346804]

Apr 05, 2017 11:22:44 PM codeu.chat.client.ClientMessage updateMessages
INFO: Retrieved 2 messages for conversation [UUID:100.101.695497410] (conversation).

Apr 05, 2017 11:22:46 PM codeu.chat.client.ClientMessage addMessage
INFO: New message:, Author= [UUID:100.101.3755512657] UUID= [UUID:100.101.3419445272]
Apr 05, 2017 11:22:46 PM codeu.chat.client.ClientMessage updateMessages
INFO: ConversationHead: Title="conversation" UUID=[UUID:100.101.695497410] first=[UUID:100.101.2638226974] last=[UUID:100.101.3419445272]

Apr 05, 2017 11:22:46 PM codeu.chat.client.ClientMessage updateMessages
INFO: Retrieved 3 messages for conversation [UUID:100.101.695497410] (conversation).

Apr 05, 2017 11:22:55 PM codeu.chat.client.commandline.Chat handleCommand
SEVERE: Exception during command processing
java.util.ConcurrentModificationException
	at java.util.ArrayList$Itr.checkForComodification(ArrayList.java:901)
	at java.util.ArrayList$Itr.next(ArrayList.java:851)
	at codeu.chat.client.ClientMessage.deleteAllMessages(ClientMessage.java:138)
	at codeu.chat.client.commandline.Chat.doOneCommand(Chat.java:178)
	at codeu.chat.client.commandline.Chat.handleCommand(Chat.java:308)
	at codeu.chat.ClientMain.main(ClientMain.java:57)

Apr 05, 2017 11:28:23 PM codeu.chat.client.commandline.Chat handleCommand
SEVERE: Exception during command processing
java.util.NoSuchElementException: No line found
	at java.util.Scanner.nextLine(Scanner.java:1540)
	at codeu.chat.client.commandline.Chat.doOneCommand(Chat.java:76)
	at codeu.chat.client.commandline.Chat.handleCommand(Chat.java:308)
	at codeu.chat.ClientMain.main(ClientMain.java:57)

