Apr 05, 2017 11:20:40 PM codeu.chat.ServerMain main
INFO: ============================= START OF LOG =============================
Apr 05, 2017 11:20:40 PM codeu.chat.ServerMain main
INFO: Starting server...
Apr 05, 2017 11:20:40 PM codeu.chat.ServerMain runServer
INFO: Server object created.
Apr 05, 2017 11:20:40 PM codeu.chat.ServerMain runServer
INFO: Starting hub...
Apr 05, 2017 11:22:25 PM codeu.chat.server.Server handleConnection
INFO: Handling new connection...
Apr 05, 2017 11:22:25 PM codeu.chat.server.Controller newUser
INFO: newUser success (user.id=[UUID:100.101.3755512657] user.name=user user.time=05-Apr-2017 23:22:25.606)
Apr 05, 2017 11:22:25 PM codeu.chat.server.Server handleConnection
INFO: Handling new connection...
Apr 05, 2017 11:22:28 PM codeu.chat.server.Server handleConnection
INFO: Handling new connection...
Apr 05, 2017 11:22:35 PM codeu.chat.server.Server handleConnection
INFO: Handling new connection...
Apr 05, 2017 11:22:35 PM codeu.chat.server.Controller newConversation
INFO: Conversation added: [UUID:100.101.695497410]
Apr 05, 2017 11:22:35 PM codeu.chat.server.Server handleConnection
INFO: Handling new connection...
Apr 05, 2017 11:22:35 PM codeu.chat.server.Server handleConnection
INFO: Handling new connection...
Apr 05, 2017 11:22:35 PM codeu.chat.server.Server handleConnection
INFO: Handling new connection...
Apr 05, 2017 11:22:41 PM codeu.chat.server.Server handleConnection
INFO: Handling new connection...
Apr 05, 2017 11:22:41 PM codeu.chat.server.Controller newMessage
INFO: Message added: [UUID:100.101.2638226974]
Apr 05, 2017 11:22:41 PM codeu.chat.server.Server handleConnection
INFO: Handling new connection...
Apr 05, 2017 11:22:41 PM codeu.chat.server.Server handleConnection
INFO: Handling new connection...
Apr 05, 2017 11:22:41 PM codeu.chat.server.View getMessages
INFO: in getMessage: UUID=[UUID:100.101.2638226974] range=5
Apr 05, 2017 11:22:43 PM codeu.chat.server.Server handleConnection
INFO: Handling new connection...
Apr 05, 2017 11:22:43 PM codeu.chat.server.Controller newMessage
INFO: Message added: [UUID:100.101.3406346804]
Apr 05, 2017 11:22:43 PM codeu.chat.server.Server handleConnection
INFO: Handling new connection...
Apr 05, 2017 11:22:43 PM codeu.chat.server.Server handleConnection
INFO: Handling new connection...
Apr 05, 2017 11:22:43 PM codeu.chat.server.View getMessages
INFO: in getMessage: UUID=[UUID:100.101.2638226974] range=1
Apr 05, 2017 11:22:43 PM codeu.chat.server.Server handleConnection
INFO: Handling new connection...
Apr 05, 2017 11:22:44 PM codeu.chat.server.View getMessages
INFO: in getMessage: UUID=[UUID:100.101.3406346804] range=5
Apr 05, 2017 11:22:46 PM codeu.chat.server.Server handleConnection
INFO: Handling new connection...
Apr 05, 2017 11:22:46 PM codeu.chat.server.Controller newMessage
INFO: Message added: [UUID:100.101.3419445272]
Apr 05, 2017 11:22:46 PM codeu.chat.server.Server handleConnection
INFO: Handling new connection...
Apr 05, 2017 11:22:46 PM codeu.chat.server.Server handleConnection
INFO: Handling new connection...
Apr 05, 2017 11:22:46 PM codeu.chat.server.View getMessages
INFO: in getMessage: UUID=[UUID:100.101.3406346804] range=1
Apr 05, 2017 11:22:46 PM codeu.chat.server.Server handleConnection
INFO: Handling new connection...
Apr 05, 2017 11:22:46 PM codeu.chat.server.View getMessages
INFO: in getMessage: UUID=[UUID:100.101.3419445272] range=5
